<?xml version="1.0" encoding="UTF-8"?>
<testng-results skipped="0" failed="1" total="3" passed="2">
  <reporter-output>
  </reporter-output>
  <suite name="Test Suite" duration-ms="65577" started-at="2018-02-04T23:29:36Z" finished-at="2018-02-04T23:30:42Z">
    <groups>
    </groups>
    <test name="Test" duration-ms="65577" started-at="2018-02-04T23:29:36Z" finished-at="2018-02-04T23:30:42Z">
      <class name="test2">
        <test-method status="PASS" signature="setup()[pri:0, instance:test2@380fb434]" name="setup" is-config="true" duration-ms="8740" started-at="2018-02-04T23:30:12Z" finished-at="2018-02-04T23:30:21Z">
          <reporter-output>
          </reporter-output>
        </test-method> <!-- setup -->
        <test-method status="PASS" signature="testTwo()[pri:0, instance:test2@380fb434]" name="testTwo" duration-ms="7789" started-at="2018-02-04T23:30:21Z" finished-at="2018-02-04T23:30:29Z">
          <reporter-output>
          </reporter-output>
        </test-method> <!-- testTwo -->
        <test-method status="PASS" signature="tearDown(org.testng.ITestResult)[pri:0, instance:test2@380fb434]" name="tearDown" is-config="true" duration-ms="220" started-at="2018-02-04T23:30:29Z" finished-at="2018-02-04T23:30:29Z">
          <params>
            <param index="0">
              <value>
                <![CDATA[[TestResult name=testTwo status=SUCCESS method=test2.testTwo()[pri:0, instance:test2@380fb434] output={null}]]]>
              </value>
            </param>
          </params>
          <reporter-output>
          </reporter-output>
        </test-method> <!-- tearDown -->
        <test-method status="PASS" signature="closeSetup()[pri:0, instance:test2@380fb434]" name="closeSetup" is-config="true" duration-ms="1" started-at="2018-02-04T23:30:29Z" finished-at="2018-02-04T23:30:29Z">
          <reporter-output>
          </reporter-output>
        </test-method> <!-- closeSetup -->
      </class> <!-- test2 -->
      <class name="test3">
        <test-method status="PASS" signature="setup()[pri:0, instance:test3@21bcffb5]" name="setup" is-config="true" duration-ms="8010" started-at="2018-02-04T23:30:29Z" finished-at="2018-02-04T23:30:37Z">
          <reporter-output>
          </reporter-output>
        </test-method> <!-- setup -->
        <test-method status="FAIL" signature="testThree()[pri:0, instance:test3@21bcffb5]" name="testThree" duration-ms="4411" started-at="2018-02-04T23:30:37Z" finished-at="2018-02-04T23:30:41Z">
          <exception class="java.lang.Exception">
            <message>
              <![CDATA[Unable to get the colour from the selected Order using the index of the product]]>
            </message>
            <full-stacktrace>
              <![CDATA[java.lang.Exception: Unable to get the colour from the selected Order using the index of the product
	at automation.Pages.ordersHistory.getDressColourfromProductOrders(ordersHistory.java:99)
	at test3.testThree(test3.java:36)
	at sun.reflect.NativeMethodAccessorImpl.invoke0(Native Method)
	at sun.reflect.NativeMethodAccessorImpl.invoke(NativeMethodAccessorImpl.java:62)
	at sun.reflect.DelegatingMethodAccessorImpl.invoke(DelegatingMethodAccessorImpl.java:43)
	at java.lang.reflect.Method.invoke(Method.java:498)
	at org.testng.internal.MethodInvocationHelper.invokeMethod(MethodInvocationHelper.java:80)
	at org.testng.internal.Invoker.invokeMethod(Invoker.java:714)
	at org.testng.internal.Invoker.invokeTestMethod(Invoker.java:901)
	at org.testng.internal.Invoker.invokeTestMethods(Invoker.java:1231)
	at org.testng.internal.TestMethodWorker.invokeTestMethods(TestMethodWorker.java:127)
	at org.testng.internal.TestMethodWorker.run(TestMethodWorker.java:111)
	at org.testng.TestRunner.privateRun(TestRunner.java:767)
	at org.testng.TestRunner.run(TestRunner.java:617)
	at org.testng.SuiteRunner.runTest(SuiteRunner.java:334)
	at org.testng.SuiteRunner.runSequentially(SuiteRunner.java:329)
	at org.testng.SuiteRunner.privateRun(SuiteRunner.java:291)
	at org.testng.SuiteRunner.run(SuiteRunner.java:240)
	at org.testng.SuiteRunnerWorker.runSuite(SuiteRunnerWorker.java:52)
	at org.testng.SuiteRunnerWorker.run(SuiteRunnerWorker.java:86)
	at org.testng.TestNG.runSuitesSequentially(TestNG.java:1198)
	at org.testng.TestNG.runSuitesLocally(TestNG.java:1123)
	at org.testng.TestNG.run(TestNG.java:1031)
	at org.testng.IDEARemoteTestNG.run(IDEARemoteTestNG.java:72)
	at org.testng.RemoteTestNGStarter.main(RemoteTestNGStarter.java:123)
]]>
            </full-stacktrace>
          </exception> <!-- java.lang.Exception -->
          <reporter-output>
          </reporter-output>
        </test-method> <!-- testThree -->
        <test-method status="PASS" signature="tearDown(org.testng.ITestResult)[pri:0, instance:test3@21bcffb5]" name="tearDown" is-config="true" duration-ms="608" started-at="2018-02-04T23:30:41Z" finished-at="2018-02-04T23:30:42Z">
          <params>
            <param index="0">
              <value>
                <![CDATA[[TestResult name=testThree status=FAILURE method=test3.testThree()[pri:0, instance:test3@21bcffb5] output={null}]]]>
              </value>
            </param>
          </params>
          <reporter-output>
          </reporter-output>
        </test-method> <!-- tearDown -->
        <test-method status="PASS" signature="closeSetup()[pri:0, instance:test3@21bcffb5]" name="closeSetup" is-config="true" duration-ms="0" started-at="2018-02-04T23:30:42Z" finished-at="2018-02-04T23:30:42Z">
          <reporter-output>
          </reporter-output>
        </test-method> <!-- closeSetup -->
      </class> <!-- test3 -->
      <class name="test1">
        <test-method status="PASS" signature="setup()[pri:0, instance:test1@7f690630]" name="setup" is-config="true" duration-ms="9401" started-at="2018-02-04T23:29:36Z" finished-at="2018-02-04T23:29:46Z">
          <reporter-output>
          </reporter-output>
        </test-method> <!-- setup -->
        <test-method status="PASS" signature="testOne()[pri:0, instance:test1@7f690630]" name="testOne" duration-ms="26147" started-at="2018-02-04T23:29:46Z" finished-at="2018-02-04T23:30:12Z">
          <reporter-output>
          </reporter-output>
        </test-method> <!-- testOne -->
        <test-method status="PASS" signature="tearDown(org.testng.ITestResult)[pri:0, instance:test1@7f690630]" name="tearDown" is-config="true" duration-ms="237" started-at="2018-02-04T23:30:12Z" finished-at="2018-02-04T23:30:12Z">
          <params>
            <param index="0">
              <value>
                <![CDATA[[TestResult name=testOne status=SUCCESS method=test1.testOne()[pri:0, instance:test1@7f690630] output={null}]]]>
              </value>
            </param>
          </params>
          <reporter-output>
          </reporter-output>
        </test-method> <!-- tearDown -->
        <test-method status="PASS" signature="closeSetup()[pri:0, instance:test1@7f690630]" name="closeSetup" is-config="true" duration-ms="0" started-at="2018-02-04T23:30:12Z" finished-at="2018-02-04T23:30:12Z">
          <reporter-output>
          </reporter-output>
        </test-method> <!-- closeSetup -->
      </class> <!-- test1 -->
    </test> <!-- Test -->
  </suite> <!-- Test Suite -->
</testng-results>
